This is lavaan 0.6-21
lavaan is FREE software! Please report any bugs.
Loading required package: lpSolve
Using raters specified in command line arguments: dom nemo
Warning in melt.data.table(persona_attrs[persona_id %in% att_long$persona_id][,  :
  'measure.vars' [persona_partyid, persona_polviews, persona_age, persona_educ, ...] are not all of the same type. By order of hierarchy, the molten data value column will be of type 'double'. All measure variables not of type 'double' will be coerced too. Check DETAILS in ?melt.data.table for more on coercion.
Warning in melt.data.table(persona_attrs[persona_id %in% att_long$persona_id][,  :
  'measure.vars' [persona_partyid, persona_polviews, persona_age, persona_educ, ...] are not all of the same type. By order of hierarchy, the molten data value column will be of type 'double'. All measure variables not of type 'double' will be coerced too. Check DETAILS in ?melt.data.table for more on coercion.
Warning: lavaan->lav_data_full():  
   some ordered categorical variable(s) have more than 12 levels: "educ"
Warning: lavaan->lav_data_full():  
   due to missing values, some pairwise combinations have less than 10% 
   coverage; use lavInspect(fit, "coverage") to investigate.
`geom_smooth()` using formula = 'y ~ x'
`geom_smooth()` using formula = 'y ~ x'
Bootstrap 5/50
Bootstrap 10/50
Bootstrap 15/50
Bootstrap 20/50
Bootstrap 25/50
Bootstrap 30/50
Bootstrap 35/50
Bootstrap 40/50
Bootstrap 45/50
Bootstrap 50/50
No single-level variables with missing values found.
One or more of the specified variables to impute contains no missing values. These will remain as a predictor, however they will not be imputed. 
Bootstrap 5/50
Bootstrap 10/50
Bootstrap 15/50
Bootstrap 20/50
Bootstrap 25/50
Bootstrap 30/50
Bootstrap 35/50
Bootstrap 40/50
Bootstrap 45/50
Bootstrap 50/50
No NAs found in bootstrap 1/50; skipping imputation.
No NAs found in bootstrap 2/50; skipping imputation.
Imputed NAs for bootstrap 3/50
Imputed NAs for bootstrap 4/50
Imputed NAs for bootstrap 5/50
Imputed NAs for bootstrap 6/50
Imputed NAs for bootstrap 7/50
Imputed NAs for bootstrap 8/50
Imputed NAs for bootstrap 9/50
Imputed NAs for bootstrap 10/50
Imputed NAs for bootstrap 11/50
No NAs found in bootstrap 12/50; skipping imputation.
Imputed NAs for bootstrap 13/50
Imputed NAs for bootstrap 14/50
Imputed NAs for bootstrap 15/50
Imputed NAs for bootstrap 16/50
Imputed NAs for bootstrap 17/50
Imputed NAs for bootstrap 18/50
No NAs found in bootstrap 19/50; skipping imputation.
Imputed NAs for bootstrap 20/50
Imputed NAs for bootstrap 21/50
No NAs found in bootstrap 22/50; skipping imputation.
No NAs found in bootstrap 23/50; skipping imputation.
No NAs found in bootstrap 24/50; skipping imputation.
No NAs found in bootstrap 25/50; skipping imputation.
Imputed NAs for bootstrap 26/50
No NAs found in bootstrap 27/50; skipping imputation.
No NAs found in bootstrap 28/50; skipping imputation.
Imputed NAs for bootstrap 29/50
Imputed NAs for bootstrap 30/50
Imputed NAs for bootstrap 31/50
No NAs found in bootstrap 32/50; skipping imputation.
Imputed NAs for bootstrap 33/50
No NAs found in bootstrap 34/50; skipping imputation.
No NAs found in bootstrap 35/50; skipping imputation.
No NAs found in bootstrap 36/50; skipping imputation.
Imputed NAs for bootstrap 37/50
Imputed NAs for bootstrap 38/50
Imputed NAs for bootstrap 39/50
No NAs found in bootstrap 40/50; skipping imputation.
No NAs found in bootstrap 41/50; skipping imputation.
No NAs found in bootstrap 42/50; skipping imputation.
Imputed NAs for bootstrap 43/50
Imputed NAs for bootstrap 44/50
No NAs found in bootstrap 45/50; skipping imputation.
Imputed NAs for bootstrap 46/50
Imputed NAs for bootstrap 47/50
Imputed NAs for bootstrap 48/50
No NAs found in bootstrap 49/50; skipping imputation.
Imputed NAs for bootstrap 50/50
Bootstrap 1: dropping constant vars: abdefect, abhlth, abpoor, abrape, affrmact, age, attend, bible, cappun, colath, colmslm, colrac, conarmy, conbus, coneduc, confed, confinan, conlegis, conmedic, conpress, consci, educ, eqwlth, fair, fechld, fefam, fepresch, finalter, getahead, god, grass, gunlaw, helpful, homosex, immameco, immcrime, immjobs, income, married, nataid, nateduc, natenvir, natheal, natroad, natsci, natsoc, natspac, partyid, polviews, pornlaw, premarsx, rcwhite, richwork, satfin, satjob, sexfem, spkath, spkmslm, spkrac, trust, xmarsex
Warning: lavaan->lav_data_full():  
   all observed variables are exogenous; model may not be identified
Warning: lavaan->lav_data_full():  
   some cases are empty and will be ignored: 1.
Error: lavaan->lav_lavaan_step01_ovnames_group():  
   ov.names is empty: model does not refer to any observed variables; check 
   your syntax.
Execution halted
